{"/home/edwin/Documents/DEV/portfolio_v2/src/components/atoms/index.ts": {"path":"/home/edwin/Documents/DEV/portfolio_v2/src/components/atoms/index.ts","statementMap":{},"fnMap":{},"branchMap":{},"s":{},"f":{},"b":{}}
,"/home/edwin/Documents/DEV/portfolio_v2/src/components/atoms/TextButton/TextButton.tsx": {"path":"/home/edwin/Documents/DEV/portfolio_v2/src/components/atoms/TextButton/TextButton.tsx","statementMap":{"0":{"start":{"line":8,"column":46},"end":{"line":12,"column":1}},"1":{"start":{"line":9,"column":2},"end":{"line":11,"column":17}}},"fnMap":{"0":{"name":"(anonymous_0)","decl":{"start":{"line":8,"column":46},"end":{"line":8,"column":47}},"loc":{"start":{"line":9,"column":2},"end":{"line":11,"column":17}},"line":9}},"branchMap":{},"s":{"0":1,"1":4},"f":{"0":4},"b":{},"_coverageSchema":"1a1c01bbd47fc00a2c39e90264f33305004495a9","hash":"b1a3c896cb7a563ec068ef500f085f258a607c1a"}
,"/home/edwin/Documents/DEV/portfolio_v2/src/components/atoms/TextButton/index.ts": {"path":"/home/edwin/Documents/DEV/portfolio_v2/src/components/atoms/TextButton/index.ts","statementMap":{},"fnMap":{},"branchMap":{},"s":{},"f":{},"b":{},"_coverageSchema":"1a1c01bbd47fc00a2c39e90264f33305004495a9","hash":"842e50a659f2edaad5f0839efa4451d0a102caab"}
,"/home/edwin/Documents/DEV/portfolio_v2/src/components/atoms/TextButton/styles.ts": {"path":"/home/edwin/Documents/DEV/portfolio_v2/src/components/atoms/TextButton/styles.ts","statementMap":{"0":{"start":{"line":3,"column":28},"end":{"line":7,"column":1}}},"fnMap":{},"branchMap":{},"s":{"0":1},"f":{},"b":{},"_coverageSchema":"1a1c01bbd47fc00a2c39e90264f33305004495a9","hash":"735fb4ec1076c736c349bcf11c119b9d1bf097eb"}
,"/home/edwin/Documents/DEV/portfolio_v2/src/components/organisms/index.ts": {"path":"/home/edwin/Documents/DEV/portfolio_v2/src/components/organisms/index.ts","statementMap":{},"fnMap":{},"branchMap":{},"s":{},"f":{},"b":{}}
,"/home/edwin/Documents/DEV/portfolio_v2/src/components/organisms/Background/Background.tsx": {"path":"/home/edwin/Documents/DEV/portfolio_v2/src/components/organisms/Background/Background.tsx","statementMap":{"0":{"start":{"line":11,"column":28},"end":{"line":11,"column":38}},"1":{"start":{"line":12,"column":14},"end":{"line":12,"column":33}},"2":{"start":{"line":13,"column":2},"end":{"line":13,"column":108}},"3":{"start":{"line":13,"column":24},"end":{"line":13,"column":106}},"4":{"start":{"line":20,"column":46},"end":{"line":53,"column":1}},"5":{"start":{"line":21,"column":16},"end":{"line":21,"column":40}},"6":{"start":{"line":23,"column":31},"end":{"line":36,"column":3}},"7":{"start":{"line":24,"column":4},"end":{"line":35,"column":5}},"8":{"start":{"line":26,"column":8},"end":{"line":26,"column":70}},"9":{"start":{"line":28,"column":8},"end":{"line":28,"column":71}},"10":{"start":{"line":30,"column":8},"end":{"line":30,"column":71}},"11":{"start":{"line":32,"column":8},"end":{"line":32,"column":71}},"12":{"start":{"line":34,"column":8},"end":{"line":34,"column":70}},"13":{"start":{"line":38,"column":2},"end":{"line":52,"column":4}},"14":{"start":{"line":42,"column":28},"end":{"line":42,"column":74}}},"fnMap":{"0":{"name":"Rig","decl":{"start":{"line":10,"column":9},"end":{"line":10,"column":12}},"loc":{"start":{"line":10,"column":15},"end":{"line":14,"column":1}},"line":10},"1":{"name":"(anonymous_1)","decl":{"start":{"line":13,"column":18},"end":{"line":13,"column":19}},"loc":{"start":{"line":13,"column":24},"end":{"line":13,"column":106}},"line":13},"2":{"name":"(anonymous_2)","decl":{"start":{"line":20,"column":46},"end":{"line":20,"column":47}},"loc":{"start":{"line":20,"column":68},"end":{"line":53,"column":1}},"line":20},"3":{"name":"(anonymous_3)","decl":{"start":{"line":23,"column":31},"end":{"line":23,"column":32}},"loc":{"start":{"line":23,"column":37},"end":{"line":36,"column":3}},"line":23},"4":{"name":"(anonymous_4)","decl":{"start":{"line":42,"column":17},"end":{"line":42,"column":18}},"loc":{"start":{"line":42,"column":28},"end":{"line":42,"column":74}},"line":42}},"branchMap":{"0":{"loc":{"start":{"line":24,"column":4},"end":{"line":35,"column":5}},"type":"switch","locations":[{"start":{"line":25,"column":6},"end":{"line":26,"column":70}},{"start":{"line":27,"column":6},"end":{"line":28,"column":71}},{"start":{"line":29,"column":6},"end":{"line":30,"column":71}},{"start":{"line":31,"column":6},"end":{"line":32,"column":71}},{"start":{"line":33,"column":6},"end":{"line":34,"column":70}}],"line":24}},"s":{"0":0,"1":0,"2":0,"3":0,"4":0,"5":0,"6":0,"7":0,"8":0,"9":0,"10":0,"11":0,"12":0,"13":0,"14":0},"f":{"0":0,"1":0,"2":0,"3":0,"4":0},"b":{"0":[0,0,0,0,0]}}
,"/home/edwin/Documents/DEV/portfolio_v2/src/components/organisms/Background/index.ts": {"path":"/home/edwin/Documents/DEV/portfolio_v2/src/components/organisms/Background/index.ts","statementMap":{},"fnMap":{},"branchMap":{},"s":{},"f":{},"b":{}}
,"/home/edwin/Documents/DEV/portfolio_v2/src/components/organisms/Background/styles.ts": {"path":"/home/edwin/Documents/DEV/portfolio_v2/src/components/organisms/Background/styles.ts","statementMap":{"0":{"start":{"line":3,"column":25},"end":{"line":5,"column":1}}},"fnMap":{},"branchMap":{},"s":{"0":0},"f":{},"b":{}}
,"/home/edwin/Documents/DEV/portfolio_v2/src/components/organisms/Background/Cube/Cube.tsx": {"path":"/home/edwin/Documents/DEV/portfolio_v2/src/components/organisms/Background/Cube/Cube.tsx","statementMap":{"0":{"start":{"line":25,"column":34},"end":{"line":99,"column":1}},"1":{"start":{"line":26,"column":15},"end":{"line":26,"column":29}},"2":{"start":{"line":27,"column":32},"end":{"line":27,"column":47}},"3":{"start":{"line":28,"column":34},"end":{"line":28,"column":78}},"4":{"start":{"line":29,"column":38},"end":{"line":29,"column":49}},"5":{"start":{"line":30,"column":30},"end":{"line":30,"column":42}},"6":{"start":{"line":32,"column":25},"end":{"line":40,"column":3}},"7":{"start":{"line":33,"column":16},"end":{"line":33,"column":38}},"8":{"start":{"line":34,"column":30},"end":{"line":34,"column":71}},"9":{"start":{"line":36,"column":4},"end":{"line":38,"column":5}},"10":{"start":{"line":37,"column":6},"end":{"line":37,"column":50}},"11":{"start":{"line":39,"column":4},"end":{"line":39,"column":55}},"12":{"start":{"line":42,"column":28},"end":{"line":46,"column":3}},"13":{"start":{"line":43,"column":4},"end":{"line":43,"column":21}},"14":{"start":{"line":44,"column":4},"end":{"line":44,"column":109}},"15":{"start":{"line":44,"column":77},"end":{"line":44,"column":109}},"16":{"start":{"line":45,"column":4},"end":{"line":45,"column":76}},"17":{"start":{"line":45,"column":44},"end":{"line":45,"column":76}},"18":{"start":{"line":48,"column":2},"end":{"line":50,"column":9}},"19":{"start":{"line":49,"column":4},"end":{"line":49,"column":61}},"20":{"start":{"line":52,"column":2},"end":{"line":83,"column":5}},"21":{"start":{"line":53,"column":4},"end":{"line":82,"column":5}},"22":{"start":{"line":54,"column":6},"end":{"line":54,"column":23}},"23":{"start":{"line":55,"column":6},"end":{"line":67,"column":7}},"24":{"start":{"line":57,"column":10},"end":{"line":57,"column":86}},"25":{"start":{"line":58,"column":10},"end":{"line":58,"column":16}},"26":{"start":{"line":60,"column":10},"end":{"line":60,"column":109}},"27":{"start":{"line":61,"column":10},"end":{"line":61,"column":16}},"28":{"start":{"line":63,"column":10},"end":{"line":63,"column":109}},"29":{"start":{"line":64,"column":10},"end":{"line":64,"column":16}},"30":{"start":{"line":66,"column":10},"end":{"line":66,"column":16}},"31":{"start":{"line":69,"column":6},"end":{"line":69,"column":36}},"32":{"start":{"line":70,"column":6},"end":{"line":81,"column":7}},"33":{"start":{"line":71,"column":22},"end":{"line":71,"column":43}},"34":{"start":{"line":73,"column":8},"end":{"line":80,"column":9}},"35":{"start":{"line":75,"column":12},"end":{"line":75,"column":54}},"36":{"start":{"line":75,"column":25},"end":{"line":75,"column":54}},"37":{"start":{"line":76,"column":12},"end":{"line":76,"column":18}},"38":{"start":{"line":78,"column":12},"end":{"line":78,"column":55}},"39":{"start":{"line":78,"column":26},"end":{"line":78,"column":55}},"40":{"start":{"line":79,"column":12},"end":{"line":79,"column":18}},"41":{"start":{"line":85,"column":2},"end":{"line":98,"column":4}},"42":{"start":{"line":92,"column":8},"end":{"line":92,"column":26}}},"fnMap":{"0":{"name":"(anonymous_0)","decl":{"start":{"line":25,"column":34},"end":{"line":25,"column":35}},"loc":{"start":{"line":25,"column":59},"end":{"line":99,"column":1}},"line":25},"1":{"name":"(anonymous_1)","decl":{"start":{"line":32,"column":25},"end":{"line":32,"column":26}},"loc":{"start":{"line":32,"column":86},"end":{"line":40,"column":3}},"line":32},"2":{"name":"(anonymous_2)","decl":{"start":{"line":42,"column":28},"end":{"line":42,"column":29}},"loc":{"start":{"line":42,"column":34},"end":{"line":46,"column":3}},"line":42},"3":{"name":"(anonymous_3)","decl":{"start":{"line":48,"column":12},"end":{"line":48,"column":13}},"loc":{"start":{"line":48,"column":18},"end":{"line":50,"column":3}},"line":48},"4":{"name":"(anonymous_4)","decl":{"start":{"line":52,"column":11},"end":{"line":52,"column":12}},"loc":{"start":{"line":52,"column":17},"end":{"line":83,"column":3}},"line":52},"5":{"name":"(anonymous_5)","decl":{"start":{"line":91,"column":20},"end":{"line":91,"column":21}},"loc":{"start":{"line":91,"column":26},"end":{"line":93,"column":7}},"line":91}},"branchMap":{"0":{"loc":{"start":{"line":36,"column":4},"end":{"line":38,"column":5}},"type":"if","locations":[{"start":{"line":36,"column":4},"end":{"line":38,"column":5}},{"start":{"line":36,"column":4},"end":{"line":38,"column":5}}],"line":36},"1":{"loc":{"start":{"line":44,"column":4},"end":{"line":44,"column":109}},"type":"if","locations":[{"start":{"line":44,"column":4},"end":{"line":44,"column":109}},{"start":{"line":44,"column":4},"end":{"line":44,"column":109}}],"line":44},"2":{"loc":{"start":{"line":44,"column":8},"end":{"line":44,"column":75}},"type":"binary-expr","locations":[{"start":{"line":44,"column":8},"end":{"line":44,"column":39}},{"start":{"line":44,"column":43},"end":{"line":44,"column":75}}],"line":44},"3":{"loc":{"start":{"line":45,"column":4},"end":{"line":45,"column":76}},"type":"if","locations":[{"start":{"line":45,"column":4},"end":{"line":45,"column":76}},{"start":{"line":45,"column":4},"end":{"line":45,"column":76}}],"line":45},"4":{"loc":{"start":{"line":53,"column":4},"end":{"line":82,"column":5}},"type":"if","locations":[{"start":{"line":53,"column":4},"end":{"line":82,"column":5}},{"start":{"line":53,"column":4},"end":{"line":82,"column":5}}],"line":53},"5":{"loc":{"start":{"line":55,"column":6},"end":{"line":67,"column":7}},"type":"switch","locations":[{"start":{"line":56,"column":8},"end":{"line":58,"column":16}},{"start":{"line":59,"column":8},"end":{"line":61,"column":16}},{"start":{"line":62,"column":8},"end":{"line":64,"column":16}},{"start":{"line":65,"column":8},"end":{"line":66,"column":16}}],"line":55},"6":{"loc":{"start":{"line":70,"column":6},"end":{"line":81,"column":7}},"type":"if","locations":[{"start":{"line":70,"column":6},"end":{"line":81,"column":7}},{"start":{"line":70,"column":6},"end":{"line":81,"column":7}}],"line":70},"7":{"loc":{"start":{"line":73,"column":8},"end":{"line":80,"column":9}},"type":"switch","locations":[{"start":{"line":74,"column":10},"end":{"line":76,"column":18}},{"start":{"line":77,"column":10},"end":{"line":79,"column":18}}],"line":73},"8":{"loc":{"start":{"line":75,"column":12},"end":{"line":75,"column":54}},"type":"if","locations":[{"start":{"line":75,"column":12},"end":{"line":75,"column":54}},{"start":{"line":75,"column":12},"end":{"line":75,"column":54}}],"line":75},"9":{"loc":{"start":{"line":78,"column":12},"end":{"line":78,"column":55}},"type":"if","locations":[{"start":{"line":78,"column":12},"end":{"line":78,"column":55}},{"start":{"line":78,"column":12},"end":{"line":78,"column":55}}],"line":78},"10":{"loc":{"start":{"line":96,"column":35},"end":{"line":96,"column":83}},"type":"cond-expr","locations":[{"start":{"line":96,"column":45},"end":{"line":96,"column":71}},{"start":{"line":96,"column":74},"end":{"line":96,"column":83}}],"line":96}},"s":{"0":0,"1":0,"2":0,"3":0,"4":0,"5":0,"6":0,"7":0,"8":0,"9":0,"10":0,"11":0,"12":0,"13":0,"14":0,"15":0,"16":0,"17":0,"18":0,"19":0,"20":0,"21":0,"22":0,"23":0,"24":0,"25":0,"26":0,"27":0,"28":0,"29":0,"30":0,"31":0,"32":0,"33":0,"34":0,"35":0,"36":0,"37":0,"38":0,"39":0,"40":0,"41":0,"42":0},"f":{"0":0,"1":0,"2":0,"3":0,"4":0,"5":0},"b":{"0":[0,0],"1":[0,0],"2":[0,0],"3":[0,0],"4":[0,0],"5":[0,0,0,0],"6":[0,0],"7":[0,0],"8":[0,0],"9":[0,0],"10":[0,0]}}
,"/home/edwin/Documents/DEV/portfolio_v2/src/components/organisms/Background/Cube/index.ts": {"path":"/home/edwin/Documents/DEV/portfolio_v2/src/components/organisms/Background/Cube/index.ts","statementMap":{},"fnMap":{},"branchMap":{},"s":{},"f":{},"b":{}}
,"/home/edwin/Documents/DEV/portfolio_v2/src/components/organisms/Background/CubesGrid/CubesGrid.tsx": {"path":"/home/edwin/Documents/DEV/portfolio_v2/src/components/organisms/Background/CubesGrid/CubesGrid.tsx","statementMap":{"0":{"start":{"line":13,"column":44},"end":{"line":46,"column":1}},"1":{"start":{"line":14,"column":19},"end":{"line":35,"column":26}},"2":{"start":{"line":15,"column":17},"end":{"line":15,"column":19}},"3":{"start":{"line":17,"column":4},"end":{"line":33,"column":5}},"4":{"start":{"line":17,"column":17},"end":{"line":17,"column":18}},"5":{"start":{"line":18,"column":18},"end":{"line":18,"column":20}},"6":{"start":{"line":20,"column":6},"end":{"line":30,"column":7}},"7":{"start":{"line":20,"column":19},"end":{"line":20,"column":20}},"8":{"start":{"line":25,"column":8},"end":{"line":29,"column":11}},"9":{"start":{"line":32,"column":6},"end":{"line":32,"column":21}},"10":{"start":{"line":34,"column":4},"end":{"line":34,"column":16}},"11":{"start":{"line":37,"column":2},"end":{"line":45,"column":5}},"12":{"start":{"line":38,"column":4},"end":{"line":44,"column":10}},"13":{"start":{"line":40,"column":8},"end":{"line":42,"column":14}}},"fnMap":{"0":{"name":"(anonymous_0)","decl":{"start":{"line":13,"column":44},"end":{"line":13,"column":45}},"loc":{"start":{"line":13,"column":79},"end":{"line":46,"column":1}},"line":13},"1":{"name":"(anonymous_1)","decl":{"start":{"line":14,"column":27},"end":{"line":14,"column":28}},"loc":{"start":{"line":14,"column":33},"end":{"line":35,"column":3}},"line":14},"2":{"name":"(anonymous_2)","decl":{"start":{"line":37,"column":22},"end":{"line":37,"column":23}},"loc":{"start":{"line":38,"column":4},"end":{"line":44,"column":10}},"line":38},"3":{"name":"(anonymous_3)","decl":{"start":{"line":39,"column":14},"end":{"line":39,"column":15}},"loc":{"start":{"line":40,"column":8},"end":{"line":42,"column":14}},"line":40}},"branchMap":{},"s":{"0":0,"1":0,"2":0,"3":0,"4":0,"5":0,"6":0,"7":0,"8":0,"9":0,"10":0,"11":0,"12":0,"13":0},"f":{"0":0,"1":0,"2":0,"3":0},"b":{}}
,"/home/edwin/Documents/DEV/portfolio_v2/src/components/organisms/Background/CubesGrid/index.ts": {"path":"/home/edwin/Documents/DEV/portfolio_v2/src/components/organisms/Background/CubesGrid/index.ts","statementMap":{},"fnMap":{},"branchMap":{},"s":{},"f":{},"b":{}}
,"/home/edwin/Documents/DEV/portfolio_v2/src/components/views/index.ts": {"path":"/home/edwin/Documents/DEV/portfolio_v2/src/components/views/index.ts","statementMap":{},"fnMap":{},"branchMap":{},"s":{},"f":{},"b":{}}
,"/home/edwin/Documents/DEV/portfolio_v2/src/components/views/Home/Home.tsx": {"path":"/home/edwin/Documents/DEV/portfolio_v2/src/components/views/Home/Home.tsx","statementMap":{"0":{"start":{"line":8,"column":23},"end":{"line":18,"column":1}},"1":{"start":{"line":9,"column":27},"end":{"line":9,"column":48}},"2":{"start":{"line":10,"column":2},"end":{"line":17,"column":4}}},"fnMap":{"0":{"name":"(anonymous_0)","decl":{"start":{"line":8,"column":23},"end":{"line":8,"column":24}},"loc":{"start":{"line":8,"column":29},"end":{"line":18,"column":1}},"line":8}},"branchMap":{},"s":{"0":0,"1":0,"2":0},"f":{"0":0},"b":{}}
,"/home/edwin/Documents/DEV/portfolio_v2/src/components/views/Home/index.ts": {"path":"/home/edwin/Documents/DEV/portfolio_v2/src/components/views/Home/index.ts","statementMap":{},"fnMap":{},"branchMap":{},"s":{},"f":{},"b":{}}
,"/home/edwin/Documents/DEV/portfolio_v2/src/components/views/Home/styles.ts": {"path":"/home/edwin/Documents/DEV/portfolio_v2/src/components/views/Home/styles.ts","statementMap":{"0":{"start":{"line":3,"column":26},"end":{"line":6,"column":1}},"1":{"start":{"line":8,"column":29},"end":{"line":16,"column":1}},"2":{"start":{"line":18,"column":27},"end":{"line":22,"column":1}}},"fnMap":{},"branchMap":{},"s":{"0":0,"1":0,"2":0},"f":{},"b":{}}
}
